<?xml version="1.0" encoding="UTF-8"?>
<!-- Generated by org.testng.reporters.JUnitReportReporter -->
<testsuite skipped="0" name="com.estimate.Estimate_update" tests="1" failures="0" timestamp="02 Nov 2019 10:03:46 GMT" time="10.786" errors="0">
  <testcase name="Estimateupdate" time="10.786" classname="com.estimate.Estimate_update"/>
</testsuite> <!-- com.estimate.Estimate_update -->
