<?xml version="1.0" encoding="UTF-8"?>
<!-- Generated by org.testng.reporters.JUnitReportReporter -->
<testsuite skipped="0" name="com.invoice.invoice_create" tests="1" failures="0" timestamp="07 Nov 2019 22:11:34 GMT" time="57.059" errors="0">
  <testcase name="invoice_create" time="57.059" classname="com.invoice.invoice_create"/>
</testsuite> <!-- com.invoice.invoice_create -->
