<?xml version="1.0" encoding="UTF-8"?>
<!-- Generated by org.testng.reporters.JUnitReportReporter -->
<testsuite skipped="0" name="com.invoice.invoice_create" tests="3" failures="0" timestamp="07 Nov 2019 23:39:12 GMT" time="124.517" errors="0">
  <testcase name="invoice_create" time="56.915" classname="com.invoice.invoice_create"/>
  <testcase name="Invoice_update" time="33.333" classname="com.invoice.invoice_create"/>
  <testcase name="Invoice_send" time="34.269" classname="com.invoice.invoice_create"/>
</testsuite> <!-- com.invoice.invoice_create -->
